\BOOKMARK [1][-]{section*.1}{General info}{}% 1
\BOOKMARK [1][-]{section*.2}{Syslog}{}% 2
\BOOKMARK [1][-]{section*.3}{Netflow}{}% 3
\BOOKMARK [1][-]{section*.4}{SNMP}{}% 4
\BOOKMARK [2][-]{section*.5}{- MIB \(SMIv1\)}{section*.4}% 5
\BOOKMARK [2][-]{section*.6}{op\351rations SNMP}{section*.4}% 6
\BOOKMARK [2][-]{section*.7}{- SNMPv3}{section*.4}% 7
\BOOKMARK [2][-]{section*.8}{- NET-SNMP}{section*.4}% 8
\BOOKMARK [2][-]{section*.9}{niveaux d'alertes}{section*.4}% 9
\BOOKMARK [2][-]{section*.10}{Pooling SNMP}{section*.4}% 10
\BOOKMARK [2][-]{section*.11}{Trapes}{section*.4}% 11
\BOOKMARK [1][-]{section*.12}{Log Management}{}% 12
\BOOKMARK [2][-]{section*.13}{Correlation de vuln\351rabilit\351:}{section*.12}% 13
\BOOKMARK [2][-]{section*.14}{analyse statistique}{section*.12}% 14
\BOOKMARK [1][-]{section*.15}{Acronymes}{}% 15
\BOOKMARK [1][-]{section*.16}{1,}{}% 16
\BOOKMARK [1][-]{section*.17}{2, }{}% 17
\BOOKMARK [1][-]{section*.18}{3, }{}% 18
\BOOKMARK [1][-]{section*.19}{4, }{}% 19
\BOOKMARK [1][-]{section*.20}{6, management conversation}{}% 20
\BOOKMARK [1][-]{section*.21}{8,}{}% 21
